<?xml version="1.0" encoding="UTF-8"?>
<!-- Generated by org.testng.reporters.JUnitReportReporter -->
<testsuite skipped="0" hostname="DESKTOP-T3CJNDJ" name="vasy.NewAgent" tests="1" failures="0" timestamp="2022-03-08T10:49:13 IST" time="96.617" errors="0">
  <testcase name="TestAgent" time="96.617" classname="vasy.NewAgent"/>
  <system-out/>
</testsuite> <!-- vasy.NewAgent -->
