<?xml version="1.0" encoding="UTF-8"?>
<!-- Generated by org.testng.reporters.JUnitReportReporter -->
<testsuite skipped="0" hostname="DESKTOP-T3CJNDJ" name="vasy.VasyLogin" tests="1" failures="0" timestamp="2022-03-07T11:20:17 IST" time="19.499" errors="0">
  <testcase name="TestLogin" time="19.499" classname="vasy.VasyLogin"/>
  <system-out/>
</testsuite> <!-- vasy.VasyLogin -->
