<?xml version="1.0" encoding="UTF-8"?>
<!-- Generated by org.testng.reporters.JUnitReportReporter -->
<testsuite skipped="0" hostname="DESKTOP-T3CJNDJ" name="uploadimportexcel.productexcelupload" tests="1" failures="0" timestamp="2022-04-14T09:43:02 IST" time="29.662" errors="0">
  <testcase name="TestLogin" time="29.662" classname="uploadimportexcel.productexcelupload"/>
  <system-out/>
</testsuite> <!-- uploadimportexcel.productexcelupload -->
